{"message":"Unauthorized request to path: /","level":"error"}
{"message":"Unauthorized request to path: /","level":"error"}
{"message":"Unauthorized request to path: /","level":"error"}
{"message":"Unauthorized request to path: /","level":"error"}
{"message":"Unauthorized request to path: /","level":"error"}
{"message":"Bookmark with id 1 not found","level":"error"}
{"message":"Title is required","level":"error"}
{"message":"Title is required","level":"error"}
{"message":"Url is required","level":"error"}
{"message":"Url is required","level":"error"}
{"message":"Url is required","level":"error"}
{"message":"Url is required","level":"error"}
{"message":"Url is required","level":"error"}
{"message":"Url is required","level":"error"}
{"message":"Url is required","level":"error"}
{"message":"Url is required","level":"error"}
{"message":"Url is required","level":"error"}
{"message":"Url is required","level":"error"}
{"message":"Url is required","level":"error"}
{"message":"Url is required","level":"error"}
{"message":"Url is required","level":"error"}
{"message":"Url is required","level":"error"}
{"message":"Url is required","level":"error"}
{"message":"Url is required","level":"error"}
{"message":"Url is required","level":"error"}
{"message":"rating is required","level":"error"}
{"message":"Url is required","level":"error"}
{"message":"Bookmark with id fart not found","level":"error"}
{"message":"Bookmark with id 1 not found","level":"error"}
{"message":"Bookmark with id 1 not found","level":"error"}
{"message":"Bookmark with id 1 not found","level":"error"}
{"message":"Bookmark with id 1 not found","level":"error"}
{"message":"Bookmark with id 1 not found","level":"error"}
{"message":"Bookmark with id 1 not found","level":"error"}
{"message":"Bookmark with id 1 not found","level":"error"}
{"message":"Bookmark with id 2 not found","level":"error"}
{"message":"Bookmark with id 1 not found","level":"error"}
